[Mon, Nov 10, 2025  7:55:56 PM] Початок резервного копіювання...
tar: Removing leading `/d/devops/devops-portfolio/scripts/..' from member names
tar: Removing leading `/d/devops/devops-portfolio/scripts/../' from member names
[Mon, Nov 10, 2025  7:55:57 PM] Архів створено.
[Mon, Nov 10, 2025  7:55:57 PM] Видалено старі копії, якщо були.
[Mon, Nov 10, 2025  7:55:57 PM] Резервне копіювання завершено.
[Tue, Nov 11, 2025  6:34:32 PM] Початок резервного копіювання...
tar: Removing leading `/d/devops/devops-portfolio/scripts/..' from member names
tar: Removing leading `/d/devops/devops-portfolio/scripts/../' from member names
[Tue, Nov 11, 2025  6:34:32 PM] Архів створено.
[Tue, Nov 11, 2025  6:34:32 PM] Видалено старі копії, якщо були.
[Tue, Nov 11, 2025  6:34:32 PM] Резервне копіювання завершено.
[Tue, Nov 11, 2025  6:34:43 PM] Початок резервного копіювання...
tar: Removing leading `/d/devops/devops-portfolio/scripts/..' from member names
tar: Removing leading `/d/devops/devops-portfolio/scripts/../' from member names
[Tue, Nov 11, 2025  6:34:43 PM] Архів створено.
[Tue, Nov 11, 2025  6:34:43 PM] Видалено старі копії, якщо були.
[Tue, Nov 11, 2025  6:34:43 PM] Резервне копіювання завершено.
[2025-12-09 22:27:45] Starting backup of ./scripts -> ./scripts/backups/backup_20251209_222745.tar.gz
[2025-12-09 22:27:46] Archive created: backup_20251209_222745.tar.gz
